<?xml version="1.0" encoding="UTF-8"?>
<!-- Generated by org.testng.reporters.JUnitXMLReporter -->
<testsuite ignored="0" hostname="ATMECSINLT-601" failures="0" tests="2" name="Test" time="57.359" errors="0" timestamp="2020-12-29T17:05:06 IST">
  <testcase classname="com.atmecs.amazonshoppingsite.testscript.SearchProductTest" name="searchProduct" time="12.879"/>
  <testcase classname="com.atmecs.amazonshoppingsite.testscript.WomenFashionTest" name="womenFashion" time="20.462"/>
</testsuite> <!-- Test -->
