<?xml version="1.0" encoding="UTF-8"?>
<!-- Generated by org.testng.reporters.JUnitXMLReporter -->
<testsuite ignored="0" hostname="ATMECSINLT-601" failures="0" tests="2" name="Test" time="47.144" errors="0" timestamp="2020-12-29T16:26:16 IST">
  <testcase classname="com.atmecs.amazonshoppingsite.testscript.SearchProductTest" name="searchProduct" time="14.652"/>
  <testcase classname="com.atmecs.amazonshoppingsite.testscript.WomenFashionTest" name="womenFashion" time="11.521"/>
</testsuite> <!-- Test -->
