<?xml version="1.0" encoding="UTF-8"?>
<testng-results ignored="0" total="1" passed="1" failed="0" skipped="0">
  <reporter-output>
    <line>
      <![CDATA[Entering product name on searchbox]]>
    </line>
    <line>
      <![CDATA[Clicking search icon]]>
    </line>
    <line>
      <![CDATA[Scroll to select the product]]>
    </line>
    <line>
      <![CDATA[Selecting a product]]>
    </line>
    <line>
      <![CDATA[Switching to new window]]>
    </line>
    <line>
      <![CDATA[Adding product to the cart]]>
    </line>
    <line>
      <![CDATA[Opening and view products in the cart]]>
    </line>
    <line>
      <![CDATA[Delete product from the cart]]>
    </line>
  </reporter-output>
  <suite started-at="2020-12-28T16:48:33 IST" name="Suite" finished-at="2020-12-28T16:49:39 IST" duration-ms="66017">
    <groups>
    </groups>
    <test started-at="2020-12-28T16:48:33 IST" name="Test" finished-at="2020-12-28T16:49:39 IST" duration-ms="66017">
      <class name="com.atmecs.amazonshoppingsite.testscript.SearchProductTest">
        <test-method is-config="true" signature="beforeMethod(java.lang.String)[pri:0, instance:com.atmecs.amazonshoppingsite.testscript.SearchProductTest@2d9d4f9d]" started-at="2020-12-28T16:48:34 IST" name="beforeMethod" finished-at="2020-12-28T16:49:18 IST" duration-ms="44398" status="PASS">
          <params>
            <param index="0">
              <value>
                <![CDATA[chrome]]>
              </value>
            </param>
          </params>
          <reporter-output>
          </reporter-output>
        </test-method> <!-- beforeMethod -->
        <test-method signature="searchProduct()[pri:0, instance:com.atmecs.amazonshoppingsite.testscript.SearchProductTest@2d9d4f9d]" started-at="2020-12-28T16:49:18 IST" name="searchProduct" finished-at="2020-12-28T16:49:38 IST" duration-ms="20141" status="PASS">
          <reporter-output>
            <line>
              <![CDATA[Entering product name on searchbox]]>
            </line>
            <line>
              <![CDATA[Clicking search icon]]>
            </line>
            <line>
              <![CDATA[Scroll to select the product]]>
            </line>
            <line>
              <![CDATA[Selecting a product]]>
            </line>
            <line>
              <![CDATA[Switching to new window]]>
            </line>
            <line>
              <![CDATA[Adding product to the cart]]>
            </line>
            <line>
              <![CDATA[Opening and view products in the cart]]>
            </line>
            <line>
              <![CDATA[Delete product from the cart]]>
            </line>
          </reporter-output>
        </test-method> <!-- searchProduct -->
        <test-method is-config="true" signature="afterMethod()[pri:0, instance:com.atmecs.amazonshoppingsite.testscript.SearchProductTest@2d9d4f9d]" started-at="2020-12-28T16:49:38 IST" name="afterMethod" finished-at="2020-12-28T16:49:39 IST" duration-ms="1437" status="PASS">
          <reporter-output>
          </reporter-output>
        </test-method> <!-- afterMethod -->
      </class> <!-- com.atmecs.amazonshoppingsite.testscript.SearchProductTest -->
    </test> <!-- Test -->
  </suite> <!-- Suite -->
</testng-results>
