<?xml version="1.0" encoding="UTF-8"?>
<testng-results ignored="0" total="2" passed="2" failed="0" skipped="0">
  <reporter-output>
    <line>
      <![CDATA[Entering product name on searchbox]]>
    </line>
    <line>
      <![CDATA[Clicking search icon]]>
    </line>
    <line>
      <![CDATA[Scroll to select the product]]>
    </line>
    <line>
      <![CDATA[Selecting a product]]>
    </line>
    <line>
      <![CDATA[Switching to new window]]>
    </line>
    <line>
      <![CDATA[Adding product to the cart]]>
    </line>
    <line>
      <![CDATA[Opening and view products in the cart]]>
    </line>
    <line>
      <![CDATA[Delete product from the cart]]>
    </line>
    <line>
      <![CDATA[Clicking menu]]>
    </line>
    <line>
      <![CDATA[Clicking women fashion from category]]>
    </line>
    <line>
      <![CDATA[Clicking bags product]]>
    </line>
    <line>
      <![CDATA[Clicking bags]]>
    </line>
  </reporter-output>
  <suite started-at="2020-12-29T16:25:29 IST" name="Suite" finished-at="2020-12-29T16:26:16 IST" duration-ms="47144">
    <groups>
    </groups>
    <test started-at="2020-12-29T16:25:29 IST" name="Test" finished-at="2020-12-29T16:26:16 IST" duration-ms="47144">
      <class name="com.atmecs.amazonshoppingsite.testscript.SearchProductTest">
        <test-method is-config="true" signature="beforeMethod(java.lang.String)[pri:0, instance:com.atmecs.amazonshoppingsite.testscript.SearchProductTest@e50a6f6]" started-at="2020-12-29T16:25:29 IST" name="beforeMethod" finished-at="2020-12-29T16:25:39 IST" duration-ms="9980" status="PASS">
          <params>
            <param index="0">
              <value>
                <![CDATA[chrome]]>
              </value>
            </param>
          </params>
          <reporter-output>
          </reporter-output>
        </test-method> <!-- beforeMethod -->
        <test-method signature="searchProduct()[pri:0, instance:com.atmecs.amazonshoppingsite.testscript.SearchProductTest@e50a6f6]" started-at="2020-12-29T16:25:39 IST" name="searchProduct" finished-at="2020-12-29T16:25:53 IST" duration-ms="14652" status="PASS">
          <reporter-output>
            <line>
              <![CDATA[Entering product name on searchbox]]>
            </line>
            <line>
              <![CDATA[Clicking search icon]]>
            </line>
            <line>
              <![CDATA[Scroll to select the product]]>
            </line>
            <line>
              <![CDATA[Selecting a product]]>
            </line>
            <line>
              <![CDATA[Switching to new window]]>
            </line>
            <line>
              <![CDATA[Adding product to the cart]]>
            </line>
            <line>
              <![CDATA[Opening and view products in the cart]]>
            </line>
            <line>
              <![CDATA[Delete product from the cart]]>
            </line>
          </reporter-output>
        </test-method> <!-- searchProduct -->
        <test-method is-config="true" signature="afterMethod()[pri:0, instance:com.atmecs.amazonshoppingsite.testscript.SearchProductTest@e50a6f6]" started-at="2020-12-29T16:25:53 IST" name="afterMethod" finished-at="2020-12-29T16:25:53 IST" duration-ms="215" status="PASS">
          <reporter-output>
          </reporter-output>
        </test-method> <!-- afterMethod -->
      </class> <!-- com.atmecs.amazonshoppingsite.testscript.SearchProductTest -->
      <class name="com.atmecs.amazonshoppingsite.testscript.WomenFashionTest">
        <test-method is-config="true" signature="beforeMethod(java.lang.String)[pri:0, instance:com.atmecs.amazonshoppingsite.testscript.WomenFashionTest@14ec4505]" started-at="2020-12-29T16:25:53 IST" name="beforeMethod" finished-at="2020-12-29T16:26:04 IST" duration-ms="10164" status="PASS">
          <params>
            <param index="0">
              <value>
                <![CDATA[chrome]]>
              </value>
            </param>
          </params>
          <reporter-output>
          </reporter-output>
        </test-method> <!-- beforeMethod -->
        <test-method signature="womenFashion()[pri:0, instance:com.atmecs.amazonshoppingsite.testscript.WomenFashionTest@14ec4505]" started-at="2020-12-29T16:26:04 IST" name="womenFashion" finished-at="2020-12-29T16:26:15 IST" duration-ms="11521" status="PASS">
          <reporter-output>
            <line>
              <![CDATA[Clicking menu]]>
            </line>
            <line>
              <![CDATA[Clicking women fashion from category]]>
            </line>
            <line>
              <![CDATA[Clicking bags product]]>
            </line>
            <line>
              <![CDATA[Clicking bags]]>
            </line>
          </reporter-output>
        </test-method> <!-- womenFashion -->
        <test-method is-config="true" signature="afterMethod()[pri:0, instance:com.atmecs.amazonshoppingsite.testscript.WomenFashionTest@14ec4505]" started-at="2020-12-29T16:26:15 IST" name="afterMethod" finished-at="2020-12-29T16:26:16 IST" duration-ms="574" status="PASS">
          <reporter-output>
          </reporter-output>
        </test-method> <!-- afterMethod -->
      </class> <!-- com.atmecs.amazonshoppingsite.testscript.WomenFashionTest -->
    </test> <!-- Test -->
  </suite> <!-- Suite -->
</testng-results>
